

*******************************************************************************
Thu May 12 14:49:18 2016


FIT:    data read from "C_0.605.dat" u 1:3
        format = x:z
        x range restricted to [0.300000 : *]
        #datapoints = 41
        residuals are weighted equally (unit weight)

function used for fitting: a*exp(-x/t)
fitted parameters initialized with current variable values



 Iteration 0
 WSSR        : 15.3969           delta(WSSR)/WSSR   : 0
 delta(WSSR) : 0                 limit for stopping : 1e-05
 lambda	  : 0.511776

initial set of free parameter values

a               = 1
t               = 1

After 6 iterations the fit converged.
final sum of squares of residuals : 2.37511e-05
rel. change during last iteration : -1.17109e-07

degrees of freedom    (FIT_NDF)                        : 39
rms of residuals      (FIT_STDFIT) = sqrt(WSSR/ndf)    : 0.000780386
variance of residuals (reduced chisquare) = WSSR/ndf   : 6.09003e-07

Final set of parameters            Asymptotic Standard Error
=======================            ==========================

a               = 0.231039         +/- 0.003142     (1.36%)
t               = 0.289714         +/- 0.002999     (1.035%)


correlation matrix of the fit parameters:

               a      t      
a               1.000 
t              -0.989  1.000 
